<?xml version="1.0" encoding="UTF-8" ?>
<testsuite tests="4" failures="3" name="TestSuite" time="617.895" errors="0" skipped="0">
  <properties>
[...]
</properties>
  <testcase classname="com.qa.testcases.HomePageTest" name="homePageTitleTest" time="36.564"/>
  <testcase classname="com.qa.testcases.ProvideJourneyTest" name="ProvideWithEasy" time="247.199">
    <failure message="Unable to locate element: {&quot;method&quot;:&quot;xpath&quot;,&quot;selector&quot;:&quot;//span[.=&apos;Carte d’identité / passeport / titre de séjour délivré par une autorité belge&apos;]&quot;}
Command duration or timeout: 40.27 seconds
For documentation on this error, please visit: http://seleniumhq.org/exceptions/no_such_element.html
Build info: version: &apos;2.53.1&apos;, revision: &apos;a36b8b1cd5757287168e54b817830adce9b0158d&apos;, time: &apos;2016-06-30 19:26:09&apos;
System info: host: &apos;LAPTOP-P9SL0QAP&apos;, ip: &apos;192.168.0.4&apos;, os.name: &apos;Windows 10&apos;, os.arch: &apos;amd64&apos;, os.version: &apos;10.0&apos;, java.version: &apos;1.8.0_111&apos;
Driver info: org.openqa.selenium.firefox.FirefoxDriver
Capabilities [{applicationCacheEnabled=true, rotatable=false, handlesAlerts=true, databaseEnabled=true, version=43.0, platform=WINDOWS, nativeEvents=false, acceptSslCerts=true, webStorageEnabled=true, locationContextEnabled=true, browserName=firefox, takesScreenshot=true, javascriptEnabled=true, cssSelectorsEnabled=true}]
Session ID: 92d31cd0-b2ef-4ecd-9c24-bf797ad40baf
*** Element info: {Using=xpath, value=//span[.=&apos;Carte d’identité / passeport / titre de séjour délivré par une autorité belge&apos;]}" type="org.openqa.selenium.NoSuchElementException">org.openqa.selenium.NoSuchElementException: Unable to locate element: {&quot;method&quot;:&quot;xpath&quot;,&quot;selector&quot;:&quot;//span[.=&apos;Carte d’identité / passeport / titre de séjour délivré par une autorité belge&apos;]&quot;}
Command duration or timeout: 40.27 seconds
For documentation on this error, please visit: http://seleniumhq.org/exceptions/no_such_element.html
Build info: version: &apos;2.53.1&apos;, revision: &apos;a36b8b1cd5757287168e54b817830adce9b0158d&apos;, time: &apos;2016-06-30 19:26:09&apos;
System info: host: &apos;LAPTOP-P9SL0QAP&apos;, ip: &apos;192.168.0.4&apos;, os.name: &apos;Windows 10&apos;, os.arch: &apos;amd64&apos;, os.version: &apos;10.0&apos;, java.version: &apos;1.8.0_111&apos;
Driver info: org.openqa.selenium.firefox.FirefoxDriver
Capabilities [{applicationCacheEnabled=true, rotatable=false, handlesAlerts=true, databaseEnabled=true, version=43.0, platform=WINDOWS, nativeEvents=false, acceptSslCerts=true, webStorageEnabled=true, locationContextEnabled=true, browserName=firefox, takesScreenshot=true, javascriptEnabled=true, cssSelectorsEnabled=true}]
Session ID: 92d31cd0-b2ef-4ecd-9c24-bf797ad40baf
*** Element info: {Using=xpath, value=//span[.=&apos;Carte d’identité / passeport / titre de séjour délivré par une autorité belge&apos;]}
	at sun.reflect.NativeConstructorAccessorImpl.newInstance0(Native Method)
	at sun.reflect.NativeConstructorAccessorImpl.newInstance(Unknown Source)
	at sun.reflect.DelegatingConstructorAccessorImpl.newInstance(Unknown Source)
	at java.lang.reflect.Constructor.newInstance(Unknown Source)
	at org.openqa.selenium.remote.ErrorHandler.createThrowable(ErrorHandler.java:206)
	at org.openqa.selenium.remote.ErrorHandler.throwIfResponseFailed(ErrorHandler.java:158)
	at org.openqa.selenium.remote.RemoteWebDriver.execute(RemoteWebDriver.java:678)
	at org.openqa.selenium.remote.RemoteWebDriver.findElement(RemoteWebDriver.java:363)
	at org.openqa.selenium.remote.RemoteWebDriver.findElementByXPath(RemoteWebDriver.java:500)
	at org.openqa.selenium.By$ByXPath.findElement(By.java:361)
	at org.openqa.selenium.remote.RemoteWebDriver.findElement(RemoteWebDriver.java:355)
	at sun.reflect.NativeMethodAccessorImpl.invoke0(Native Method)
	at sun.reflect.NativeMethodAccessorImpl.invoke(Unknown Source)
	at sun.reflect.DelegatingMethodAccessorImpl.invoke(Unknown Source)
	at java.lang.reflect.Method.invoke(Unknown Source)
	at org.openqa.selenium.support.events.EventFiringWebDriver$2.invoke(EventFiringWebDriver.java:103)
	at com.sun.proxy.$Proxy6.findElement(Unknown Source)
	at org.openqa.selenium.support.events.EventFiringWebDriver.findElement(EventFiringWebDriver.java:188)
	at org.openqa.selenium.support.pagefactory.DefaultElementLocator.findElement(DefaultElementLocator.java:69)
	at org.openqa.selenium.support.pagefactory.internal.LocatingElementHandler.invoke(LocatingElementHandler.java:38)
	at com.sun.proxy.$Proxy8.click(Unknown Source)
	at com.qa.pages.FirstForm.FForm(FirstForm.java:101)
	at com.qa.testcases.ProvideJourneyTest.ProvideWithEasy(ProvideJourneyTest.java:66)
Caused by: org.openqa.selenium.NoSuchElementException: Unable to locate element: {&quot;method&quot;:&quot;xpath&quot;,&quot;selector&quot;:&quot;//span[.=&apos;Carte d’identité / passeport / titre de séjour délivré par une autorité belge&apos;]&quot;}
For documentation on this error, please visit: http://seleniumhq.org/exceptions/no_such_element.html
Build info: version: &apos;2.53.1&apos;, revision: &apos;a36b8b1cd5757287168e54b817830adce9b0158d&apos;, time: &apos;2016-06-30 19:26:09&apos;
System info: host: &apos;LAPTOP-P9SL0QAP&apos;, ip: &apos;192.168.0.4&apos;, os.name: &apos;Windows 10&apos;, os.arch: &apos;amd64&apos;, os.version: &apos;10.0&apos;, java.version: &apos;1.8.0_111&apos;
Driver info: driver.version: unknown
	at &lt;anonymous class&gt;.FirefoxDriver.prototype.findElementInternal_(file:///C:/Users/ROSHAN~1/AppData/Local/Temp/anonymous1533766002099465576webdriver-profile/extensions/fxdriver@googlecode.com/components/driver-component.js:10770)
	at &lt;anonymous class&gt;.fxdriver.Timer.prototype.setTimeout/&lt;.notify(file:///C:/Users/ROSHAN~1/AppData/Local/Temp/anonymous1533766002099465576webdriver-profile/extensions/fxdriver@googlecode.com/components/driver-component.js:625)
</failure>
    <system-out>Before navigating to: &apos;https://u5486311:Aa123456@unitt-acc3-web.mptest.be/fr/care_contact_center_27.php&apos;
Navigated to:&apos;https://u5486311:Aa123456@unitt-acc3-web.mptest.be/fr/care_contact_center_27.php&apos;
Trying to find Element By : By.xpath: //a[@id=&apos;Tab3&apos;]
Found Element By : By.xpath: //a[@id=&apos;Tab3&apos;]
Trying to click on: [[FirefoxDriver: firefox on WINDOWS (92d31cd0-b2ef-4ecd-9c24-bf797ad40baf)] -&gt; xpath: //a[@id=&apos;Tab3&apos;]]
Clicked on: [[FirefoxDriver: firefox on WINDOWS (92d31cd0-b2ef-4ecd-9c24-bf797ad40baf)] -&gt; xpath: //a[@id=&apos;Tab3&apos;]]
Trying to find Element By : By.xpath: //span[.=&apos;Change BSCS Code&apos;]
Found Element By : By.xpath: //span[.=&apos;Change BSCS Code&apos;]
Trying to click on: [[FirefoxDriver: firefox on WINDOWS (92d31cd0-b2ef-4ecd-9c24-bf797ad40baf)] -&gt; xpath: //span[.=&apos;Change BSCS Code&apos;]]
Clicked on: [[FirefoxDriver: firefox on WINDOWS (92d31cd0-b2ef-4ecd-9c24-bf797ad40baf)] -&gt; xpath: //span[.=&apos;Change BSCS Code&apos;]]
{d5472b21-b2d0-442f-a61f-d44e24bb866a}
{d5472b21-b2d0-442f-a61f-d44e24bb866a}
{38904b09-e9b1-418e-a353-cd4a883079f7}
Change BSCS Code
Trying to find Element By : By.xpath: //input[@name=&apos;aramis&apos;]
Found Element By : By.xpath: //input[@name=&apos;aramis&apos;]
Value of the:[[FirefoxDriver: firefox on WINDOWS (92d31cd0-b2ef-4ecd-9c24-bf797ad40baf)] -&gt; xpath: //input[@name=&apos;aramis&apos;]] before any changes made
Element value changed to: [[FirefoxDriver: firefox on WINDOWS (92d31cd0-b2ef-4ecd-9c24-bf797ad40baf)] -&gt; xpath: //input[@name=&apos;aramis&apos;]]
Trying to find Element By : By.xpath: //a/span/span/span[.=&apos;Search&apos;]
Found Element By : By.xpath: //a/span/span/span[.=&apos;Search&apos;]
Trying to click on: [[FirefoxDriver: firefox on WINDOWS (92d31cd0-b2ef-4ecd-9c24-bf797ad40baf)] -&gt; xpath: //a/span/span/span[.=&apos;Search&apos;]]
Clicked on: [[FirefoxDriver: firefox on WINDOWS (92d31cd0-b2ef-4ecd-9c24-bf797ad40baf)] -&gt; xpath: //a/span/span/span[.=&apos;Search&apos;]]
Trying to find Element By : By.xpath: //a/span/span/span[.=&apos;CALLI003&apos;]
Found Element By : By.xpath: //a/span/span/span[.=&apos;CALLI003&apos;]
Trying to click on: [[FirefoxDriver: firefox on WINDOWS (92d31cd0-b2ef-4ecd-9c24-bf797ad40baf)] -&gt; xpath: //a/span/span/span[.=&apos;CALLI003&apos;]]
Clicked on: [[FirefoxDriver: firefox on WINDOWS (92d31cd0-b2ef-4ecd-9c24-bf797ad40baf)] -&gt; xpath: //a/span/span/span[.=&apos;CALLI003&apos;]]
Trying to find Element By : By.xpath: //a[@id=&apos;Tab6&apos;]
Found Element By : By.xpath: //a[@id=&apos;Tab6&apos;]
Trying to click on: [[FirefoxDriver: firefox on WINDOWS (92d31cd0-b2ef-4ecd-9c24-bf797ad40baf)] -&gt; xpath: //a[@id=&apos;Tab6&apos;]]
Clicked on: [[FirefoxDriver: firefox on WINDOWS (92d31cd0-b2ef-4ecd-9c24-bf797ad40baf)] -&gt; xpath: //a[@id=&apos;Tab6&apos;]]
{d5472b21-b2d0-442f-a61f-d44e24bb866a}
{d5472b21-b2d0-442f-a61f-d44e24bb866a}
{ba2c0377-2616-4115-bc02-07cb84248b25}
:: Webforms ::
Trying to find Element By : By.xpath: //a[@id=&apos;flow_11&apos;]
Found Element By : By.xpath: //a[@id=&apos;flow_11&apos;]
Trying to click on: [[FirefoxDriver: firefox on WINDOWS (92d31cd0-b2ef-4ecd-9c24-bf797ad40baf)] -&gt; xpath: //a[@id=&apos;flow_11&apos;]]
Clicked on: [[FirefoxDriver: firefox on WINDOWS (92d31cd0-b2ef-4ecd-9c24-bf797ad40baf)] -&gt; xpath: //a[@id=&apos;flow_11&apos;]]
Trying to find Element By : By.xpath: //a[@id=&apos;bloc_1&apos;]
Found Element By : By.xpath: //a[@id=&apos;bloc_1&apos;]
Trying to click on: [[FirefoxDriver: firefox on WINDOWS (92d31cd0-b2ef-4ecd-9c24-bf797ad40baf)] -&gt; xpath: //a[@id=&apos;bloc_1&apos;]]
Clicked on: [[FirefoxDriver: firefox on WINDOWS (92d31cd0-b2ef-4ecd-9c24-bf797ad40baf)] -&gt; xpath: //a[@id=&apos;bloc_1&apos;]]
Trying to find Element By : By.xpath: //input[@id=&apos;buspriv963&apos;]
Found Element By : By.xpath: //input[@id=&apos;buspriv963&apos;]
Trying to click on: [[FirefoxDriver: firefox on WINDOWS (92d31cd0-b2ef-4ecd-9c24-bf797ad40baf)] -&gt; xpath: //input[@id=&apos;buspriv963&apos;]]
Clicked on: [[FirefoxDriver: firefox on WINDOWS (92d31cd0-b2ef-4ecd-9c24-bf797ad40baf)] -&gt; xpath: //input[@id=&apos;buspriv963&apos;]]
Trying to find Element By : By.xpath: .//*[@id=&apos;form1&apos;]/div[2]/div[13]/div[2]/span/label[2]
Exception occured: org.openqa.selenium.NoSuchElementException: Unable to locate element: {&quot;method&quot;:&quot;xpath&quot;,&quot;selector&quot;:&quot;.//*[@id=&apos;form1&apos;]/div[2]/div[13]/div[2]/span/label[2]&quot;}
Command duration or timeout: 40.15 seconds
For documentation on this error, please visit: http://seleniumhq.org/exceptions/no_such_element.html
Build info: version: &apos;2.53.1&apos;, revision: &apos;a36b8b1cd5757287168e54b817830adce9b0158d&apos;, time: &apos;2016-06-30 19:26:09&apos;
System info: host: &apos;LAPTOP-P9SL0QAP&apos;, ip: &apos;192.168.0.4&apos;, os.name: &apos;Windows 10&apos;, os.arch: &apos;amd64&apos;, os.version: &apos;10.0&apos;, java.version: &apos;1.8.0_111&apos;
Driver info: org.openqa.selenium.firefox.FirefoxDriver
Capabilities [{applicationCacheEnabled=true, rotatable=false, handlesAlerts=true, databaseEnabled=true, version=43.0, platform=WINDOWS, nativeEvents=false, acceptSslCerts=true, webStorageEnabled=true, locationContextEnabled=true, browserName=firefox, takesScreenshot=true, javascriptEnabled=true, cssSelectorsEnabled=true}]
Session ID: 92d31cd0-b2ef-4ecd-9c24-bf797ad40baf
*** Element info: {Using=xpath, value=.//*[@id=&apos;form1&apos;]/div[2]/div[13]/div[2]/span/label[2]}
false
Trying to find Element By : By.xpath: //input[@id=&apos;clitel_tele&apos;]
Found Element By : By.xpath: //input[@id=&apos;clitel_tele&apos;]
Value of the:[[FirefoxDriver: firefox on WINDOWS (92d31cd0-b2ef-4ecd-9c24-bf797ad40baf)] -&gt; xpath: //input[@id=&apos;clitel_tele&apos;]] before any changes made
Element value changed to: [[FirefoxDriver: firefox on WINDOWS (92d31cd0-b2ef-4ecd-9c24-bf797ad40baf)] -&gt; xpath: //input[@id=&apos;clitel_tele&apos;]]
Trying to find Element By : By.xpath: //*[@data-id=&apos;id_id_type&apos;]
Found Element By : By.xpath: //*[@data-id=&apos;id_id_type&apos;]
Trying to click on: [[FirefoxDriver: firefox on WINDOWS (92d31cd0-b2ef-4ecd-9c24-bf797ad40baf)] -&gt; xpath: //*[@data-id=&apos;id_id_type&apos;]]
Clicked on: [[FirefoxDriver: firefox on WINDOWS (92d31cd0-b2ef-4ecd-9c24-bf797ad40baf)] -&gt; xpath: //*[@data-id=&apos;id_id_type&apos;]]
Trying to find Element By : By.xpath: //span[.=&apos;Carte d’identité / passeport / titre de séjour délivré par une autorité belge&apos;]
Exception occured: org.openqa.selenium.NoSuchElementException: Unable to locate element: {&quot;method&quot;:&quot;xpath&quot;,&quot;selector&quot;:&quot;//span[.=&apos;Carte d’identité / passeport / titre de séjour délivré par une autorité belge&apos;]&quot;}
Command duration or timeout: 40.27 seconds
For documentation on this error, please visit: http://seleniumhq.org/exceptions/no_such_element.html
Build info: version: &apos;2.53.1&apos;, revision: &apos;a36b8b1cd5757287168e54b817830adce9b0158d&apos;, time: &apos;2016-06-30 19:26:09&apos;
System info: host: &apos;LAPTOP-P9SL0QAP&apos;, ip: &apos;192.168.0.4&apos;, os.name: &apos;Windows 10&apos;, os.arch: &apos;amd64&apos;, os.version: &apos;10.0&apos;, java.version: &apos;1.8.0_111&apos;
Driver info: org.openqa.selenium.firefox.FirefoxDriver
Capabilities [{applicationCacheEnabled=true, rotatable=false, handlesAlerts=true, databaseEnabled=true, version=43.0, platform=WINDOWS, nativeEvents=false, acceptSslCerts=true, webStorageEnabled=true, locationContextEnabled=true, browserName=firefox, takesScreenshot=true, javascriptEnabled=true, cssSelectorsEnabled=true}]
Session ID: 92d31cd0-b2ef-4ecd-9c24-bf797ad40baf
*** Element info: {Using=xpath, value=//span[.=&apos;Carte d’identité / passeport / titre de séjour délivré par une autorité belge&apos;]}
</system-out>
  </testcase>
  <testcase classname="com.qa.testcases.ProvideJourneyTest" name="ProvideWithEasy" time="266.011">
    <failure message="Unable to locate element: {&quot;method&quot;:&quot;xpath&quot;,&quot;selector&quot;:&quot;//input[@id=&apos;clitel_tele&apos;]&quot;}
Command duration or timeout: 40.22 seconds
For documentation on this error, please visit: http://seleniumhq.org/exceptions/no_such_element.html
Build info: version: &apos;2.53.1&apos;, revision: &apos;a36b8b1cd5757287168e54b817830adce9b0158d&apos;, time: &apos;2016-06-30 19:26:09&apos;
System info: host: &apos;LAPTOP-P9SL0QAP&apos;, ip: &apos;192.168.0.4&apos;, os.name: &apos;Windows 10&apos;, os.arch: &apos;amd64&apos;, os.version: &apos;10.0&apos;, java.version: &apos;1.8.0_111&apos;
Driver info: org.openqa.selenium.firefox.FirefoxDriver
Capabilities [{applicationCacheEnabled=true, rotatable=false, handlesAlerts=true, databaseEnabled=true, version=43.0, platform=WINDOWS, nativeEvents=false, acceptSslCerts=true, webStorageEnabled=true, locationContextEnabled=true, browserName=firefox, takesScreenshot=true, javascriptEnabled=true, cssSelectorsEnabled=true}]
Session ID: 2bd2be74-8613-4b90-932a-8376bb7300c8
*** Element info: {Using=xpath, value=//input[@id=&apos;clitel_tele&apos;]}" type="org.openqa.selenium.NoSuchElementException">org.openqa.selenium.NoSuchElementException: Unable to locate element: {&quot;method&quot;:&quot;xpath&quot;,&quot;selector&quot;:&quot;//input[@id=&apos;clitel_tele&apos;]&quot;}
Command duration or timeout: 40.22 seconds
For documentation on this error, please visit: http://seleniumhq.org/exceptions/no_such_element.html
Build info: version: &apos;2.53.1&apos;, revision: &apos;a36b8b1cd5757287168e54b817830adce9b0158d&apos;, time: &apos;2016-06-30 19:26:09&apos;
System info: host: &apos;LAPTOP-P9SL0QAP&apos;, ip: &apos;192.168.0.4&apos;, os.name: &apos;Windows 10&apos;, os.arch: &apos;amd64&apos;, os.version: &apos;10.0&apos;, java.version: &apos;1.8.0_111&apos;
Driver info: org.openqa.selenium.firefox.FirefoxDriver
Capabilities [{applicationCacheEnabled=true, rotatable=false, handlesAlerts=true, databaseEnabled=true, version=43.0, platform=WINDOWS, nativeEvents=false, acceptSslCerts=true, webStorageEnabled=true, locationContextEnabled=true, browserName=firefox, takesScreenshot=true, javascriptEnabled=true, cssSelectorsEnabled=true}]
Session ID: 2bd2be74-8613-4b90-932a-8376bb7300c8
*** Element info: {Using=xpath, value=//input[@id=&apos;clitel_tele&apos;]}
	at sun.reflect.NativeConstructorAccessorImpl.newInstance0(Native Method)
	at sun.reflect.NativeConstructorAccessorImpl.newInstance(Unknown Source)
	at sun.reflect.DelegatingConstructorAccessorImpl.newInstance(Unknown Source)
	at java.lang.reflect.Constructor.newInstance(Unknown Source)
	at org.openqa.selenium.remote.ErrorHandler.createThrowable(ErrorHandler.java:206)
	at org.openqa.selenium.remote.ErrorHandler.throwIfResponseFailed(ErrorHandler.java:158)
	at org.openqa.selenium.remote.RemoteWebDriver.execute(RemoteWebDriver.java:678)
	at org.openqa.selenium.remote.RemoteWebDriver.findElement(RemoteWebDriver.java:363)
	at org.openqa.selenium.remote.RemoteWebDriver.findElementByXPath(RemoteWebDriver.java:500)
	at org.openqa.selenium.By$ByXPath.findElement(By.java:361)
	at org.openqa.selenium.remote.RemoteWebDriver.findElement(RemoteWebDriver.java:355)
	at sun.reflect.GeneratedMethodAccessor4.invoke(Unknown Source)
	at sun.reflect.DelegatingMethodAccessorImpl.invoke(Unknown Source)
	at java.lang.reflect.Method.invoke(Unknown Source)
	at org.openqa.selenium.support.events.EventFiringWebDriver$2.invoke(EventFiringWebDriver.java:103)
	at com.sun.proxy.$Proxy6.findElement(Unknown Source)
	at org.openqa.selenium.support.events.EventFiringWebDriver.findElement(EventFiringWebDriver.java:188)
	at org.openqa.selenium.support.pagefactory.DefaultElementLocator.findElement(DefaultElementLocator.java:69)
	at org.openqa.selenium.support.pagefactory.internal.LocatingElementHandler.invoke(LocatingElementHandler.java:38)
	at com.sun.proxy.$Proxy8.sendKeys(Unknown Source)
	at com.qa.pages.FirstForm.FForm(FirstForm.java:98)
	at com.qa.testcases.ProvideJourneyTest.ProvideWithEasy(ProvideJourneyTest.java:66)
Caused by: org.openqa.selenium.NoSuchElementException: Unable to locate element: {&quot;method&quot;:&quot;xpath&quot;,&quot;selector&quot;:&quot;//input[@id=&apos;clitel_tele&apos;]&quot;}
For documentation on this error, please visit: http://seleniumhq.org/exceptions/no_such_element.html
Build info: version: &apos;2.53.1&apos;, revision: &apos;a36b8b1cd5757287168e54b817830adce9b0158d&apos;, time: &apos;2016-06-30 19:26:09&apos;
System info: host: &apos;LAPTOP-P9SL0QAP&apos;, ip: &apos;192.168.0.4&apos;, os.name: &apos;Windows 10&apos;, os.arch: &apos;amd64&apos;, os.version: &apos;10.0&apos;, java.version: &apos;1.8.0_111&apos;
Driver info: driver.version: unknown
	at &lt;anonymous class&gt;.FirefoxDriver.prototype.findElementInternal_(file:///C:/Users/ROSHAN~1/AppData/Local/Temp/anonymous8601286970228598425webdriver-profile/extensions/fxdriver@googlecode.com/components/driver-component.js:10770)
	at &lt;anonymous class&gt;.fxdriver.Timer.prototype.setTimeout/&lt;.notify(file:///C:/Users/ROSHAN~1/AppData/Local/Temp/anonymous8601286970228598425webdriver-profile/extensions/fxdriver@googlecode.com/components/driver-component.js:625)
</failure>
    <system-out>Before navigating to: &apos;https://u5486311:Aa123456@unitt-acc3-web.mptest.be/fr/care_contact_center_27.php&apos;
Navigated to:&apos;https://u5486311:Aa123456@unitt-acc3-web.mptest.be/fr/care_contact_center_27.php&apos;
Trying to find Element By : By.xpath: //a[@id=&apos;Tab3&apos;]
Found Element By : By.xpath: //a[@id=&apos;Tab3&apos;]
Trying to click on: [[FirefoxDriver: firefox on WINDOWS (2bd2be74-8613-4b90-932a-8376bb7300c8)] -&gt; xpath: //a[@id=&apos;Tab3&apos;]]
Clicked on: [[FirefoxDriver: firefox on WINDOWS (2bd2be74-8613-4b90-932a-8376bb7300c8)] -&gt; xpath: //a[@id=&apos;Tab3&apos;]]
Trying to find Element By : By.xpath: //span[.=&apos;Change BSCS Code&apos;]
Found Element By : By.xpath: //span[.=&apos;Change BSCS Code&apos;]
Trying to click on: [[FirefoxDriver: firefox on WINDOWS (2bd2be74-8613-4b90-932a-8376bb7300c8)] -&gt; xpath: //span[.=&apos;Change BSCS Code&apos;]]
Clicked on: [[FirefoxDriver: firefox on WINDOWS (2bd2be74-8613-4b90-932a-8376bb7300c8)] -&gt; xpath: //span[.=&apos;Change BSCS Code&apos;]]
{5aa98784-328e-4fa7-b56b-0183a296bc7f}
{5aa98784-328e-4fa7-b56b-0183a296bc7f}
{184b38a4-8bac-4d29-af8f-b325fb72e697}
Change BSCS Code
Trying to find Element By : By.xpath: //input[@name=&apos;aramis&apos;]
Found Element By : By.xpath: //input[@name=&apos;aramis&apos;]
Value of the:[[FirefoxDriver: firefox on WINDOWS (2bd2be74-8613-4b90-932a-8376bb7300c8)] -&gt; xpath: //input[@name=&apos;aramis&apos;]] before any changes made
Element value changed to: [[FirefoxDriver: firefox on WINDOWS (2bd2be74-8613-4b90-932a-8376bb7300c8)] -&gt; xpath: //input[@name=&apos;aramis&apos;]]
Trying to find Element By : By.xpath: //a/span/span/span[.=&apos;Search&apos;]
Found Element By : By.xpath: //a/span/span/span[.=&apos;Search&apos;]
Trying to click on: [[FirefoxDriver: firefox on WINDOWS (2bd2be74-8613-4b90-932a-8376bb7300c8)] -&gt; xpath: //a/span/span/span[.=&apos;Search&apos;]]
Clicked on: [[FirefoxDriver: firefox on WINDOWS (2bd2be74-8613-4b90-932a-8376bb7300c8)] -&gt; xpath: //a/span/span/span[.=&apos;Search&apos;]]
Trying to find Element By : By.xpath: //a/span/span/span[.=&apos;jmichiel&apos;]
Found Element By : By.xpath: //a/span/span/span[.=&apos;jmichiel&apos;]
Trying to click on: [[FirefoxDriver: firefox on WINDOWS (2bd2be74-8613-4b90-932a-8376bb7300c8)] -&gt; xpath: //a/span/span/span[.=&apos;jmichiel&apos;]]
Clicked on: [[FirefoxDriver: firefox on WINDOWS (2bd2be74-8613-4b90-932a-8376bb7300c8)] -&gt; xpath: //a/span/span/span[.=&apos;jmichiel&apos;]]
Trying to find Element By : By.xpath: //a[@id=&apos;Tab6&apos;]
Found Element By : By.xpath: //a[@id=&apos;Tab6&apos;]
Trying to click on: [[FirefoxDriver: firefox on WINDOWS (2bd2be74-8613-4b90-932a-8376bb7300c8)] -&gt; xpath: //a[@id=&apos;Tab6&apos;]]
Clicked on: [[FirefoxDriver: firefox on WINDOWS (2bd2be74-8613-4b90-932a-8376bb7300c8)] -&gt; xpath: //a[@id=&apos;Tab6&apos;]]
{5aa98784-328e-4fa7-b56b-0183a296bc7f}
{5aa98784-328e-4fa7-b56b-0183a296bc7f}
{3c4e52df-72f5-4502-b260-925d760b3bca}
:: Webforms ::
Trying to find Element By : By.xpath: //a[@id=&apos;flow_11&apos;]
Found Element By : By.xpath: //a[@id=&apos;flow_11&apos;]
Trying to click on: [[FirefoxDriver: firefox on WINDOWS (2bd2be74-8613-4b90-932a-8376bb7300c8)] -&gt; xpath: //a[@id=&apos;flow_11&apos;]]
Clicked on: [[FirefoxDriver: firefox on WINDOWS (2bd2be74-8613-4b90-932a-8376bb7300c8)] -&gt; xpath: //a[@id=&apos;flow_11&apos;]]
Trying to find Element By : By.xpath: //a[@id=&apos;bloc_1&apos;]
Found Element By : By.xpath: //a[@id=&apos;bloc_1&apos;]
Trying to click on: [[FirefoxDriver: firefox on WINDOWS (2bd2be74-8613-4b90-932a-8376bb7300c8)] -&gt; xpath: //a[@id=&apos;bloc_1&apos;]]
Clicked on: [[FirefoxDriver: firefox on WINDOWS (2bd2be74-8613-4b90-932a-8376bb7300c8)] -&gt; xpath: //a[@id=&apos;bloc_1&apos;]]
Trying to find Element By : By.xpath: //input[@id=&apos;buspriv963&apos;]
Found Element By : By.xpath: //input[@id=&apos;buspriv963&apos;]
Trying to click on: [[FirefoxDriver: firefox on WINDOWS (2bd2be74-8613-4b90-932a-8376bb7300c8)] -&gt; xpath: //input[@id=&apos;buspriv963&apos;]]
Clicked on: [[FirefoxDriver: firefox on WINDOWS (2bd2be74-8613-4b90-932a-8376bb7300c8)] -&gt; xpath: //input[@id=&apos;buspriv963&apos;]]
Trying to find Element By : By.xpath: .//*[@id=&apos;form1&apos;]/div[2]/div[13]/div[2]/span/label[2]
Exception occured: org.openqa.selenium.NoSuchElementException: Unable to locate element: {&quot;method&quot;:&quot;xpath&quot;,&quot;selector&quot;:&quot;.//*[@id=&apos;form1&apos;]/div[2]/div[13]/div[2]/span/label[2]&quot;}
Command duration or timeout: 40.22 seconds
For documentation on this error, please visit: http://seleniumhq.org/exceptions/no_such_element.html
Build info: version: &apos;2.53.1&apos;, revision: &apos;a36b8b1cd5757287168e54b817830adce9b0158d&apos;, time: &apos;2016-06-30 19:26:09&apos;
System info: host: &apos;LAPTOP-P9SL0QAP&apos;, ip: &apos;192.168.0.4&apos;, os.name: &apos;Windows 10&apos;, os.arch: &apos;amd64&apos;, os.version: &apos;10.0&apos;, java.version: &apos;1.8.0_111&apos;
Driver info: org.openqa.selenium.firefox.FirefoxDriver
Capabilities [{applicationCacheEnabled=true, rotatable=false, handlesAlerts=true, databaseEnabled=true, version=43.0, platform=WINDOWS, nativeEvents=false, acceptSslCerts=true, webStorageEnabled=true, locationContextEnabled=true, browserName=firefox, takesScreenshot=true, javascriptEnabled=true, cssSelectorsEnabled=true}]
Session ID: 2bd2be74-8613-4b90-932a-8376bb7300c8
*** Element info: {Using=xpath, value=.//*[@id=&apos;form1&apos;]/div[2]/div[13]/div[2]/span/label[2]}
false
Trying to find Element By : By.xpath: //input[@id=&apos;clitel_tele&apos;]
Exception occured: org.openqa.selenium.NoSuchElementException: Unable to locate element: {&quot;method&quot;:&quot;xpath&quot;,&quot;selector&quot;:&quot;//input[@id=&apos;clitel_tele&apos;]&quot;}
Command duration or timeout: 40.22 seconds
For documentation on this error, please visit: http://seleniumhq.org/exceptions/no_such_element.html
Build info: version: &apos;2.53.1&apos;, revision: &apos;a36b8b1cd5757287168e54b817830adce9b0158d&apos;, time: &apos;2016-06-30 19:26:09&apos;
System info: host: &apos;LAPTOP-P9SL0QAP&apos;, ip: &apos;192.168.0.4&apos;, os.name: &apos;Windows 10&apos;, os.arch: &apos;amd64&apos;, os.version: &apos;10.0&apos;, java.version: &apos;1.8.0_111&apos;
Driver info: org.openqa.selenium.firefox.FirefoxDriver
Capabilities [{applicationCacheEnabled=true, rotatable=false, handlesAlerts=true, databaseEnabled=true, version=43.0, platform=WINDOWS, nativeEvents=false, acceptSslCerts=true, webStorageEnabled=true, locationContextEnabled=true, browserName=firefox, takesScreenshot=true, javascriptEnabled=true, cssSelectorsEnabled=true}]
Session ID: 2bd2be74-8613-4b90-932a-8376bb7300c8
*** Element info: {Using=xpath, value=//input[@id=&apos;clitel_tele&apos;]}
</system-out>
  </testcase>
  <testcase classname="com.qa.testcases.HomePageTest" name="mainPageTitleTest" time="68.121">
    <failure message="expected [:: Webforms ::] but found [My Partner &gt; Tools &gt; Care @ Contact Center]" type="java.lang.AssertionError">java.lang.AssertionError: expected [:: Webforms ::] but found [My Partner &gt; Tools &gt; Care @ Contact Center]
	at org.testng.Assert.fail(Assert.java:93)
	at org.testng.Assert.failNotEquals(Assert.java:512)
	at org.testng.Assert.assertEqualsImpl(Assert.java:134)
	at org.testng.Assert.assertEquals(Assert.java:115)
	at org.testng.Assert.assertEquals(Assert.java:189)
	at org.testng.Assert.assertEquals(Assert.java:199)
	at com.qa.testcases.HomePageTest.mainPageTitleTest(HomePageTest.java:42)
</failure>
    <system-out>Before navigating to: &apos;https://u5486311:Aa123456@unitt-acc3-web.mptest.be/fr/care_contact_center_27.php&apos;
Navigated to:&apos;https://u5486311:Aa123456@unitt-acc3-web.mptest.be/fr/care_contact_center_27.php&apos;
Trying to find Element By : By.xpath: //a[@id=&apos;Tab6&apos;]
Found Element By : By.xpath: //a[@id=&apos;Tab6&apos;]
Trying to click on: [[FirefoxDriver: firefox on WINDOWS (9b7a3f9f-5e32-4a77-b0be-dd4b9a2a15cb)] -&gt; xpath: //a[@id=&apos;Tab6&apos;]]
Clicked on: [[FirefoxDriver: firefox on WINDOWS (9b7a3f9f-5e32-4a77-b0be-dd4b9a2a15cb)] -&gt; xpath: //a[@id=&apos;Tab6&apos;]]
{f1929d2a-37a1-4c38-bee1-364dd7cf7518}
{f1929d2a-37a1-4c38-bee1-364dd7cf7518}
{6488786d-6d2a-4ee4-b296-47765031cbd2}
:: Webforms ::
Trying to find Element By : By.xpath: //a[@id=&apos;flow_11&apos;]
Found Element By : By.xpath: //a[@id=&apos;flow_11&apos;]
Trying to click on: [[FirefoxDriver: firefox on WINDOWS (9b7a3f9f-5e32-4a77-b0be-dd4b9a2a15cb)] -&gt; xpath: //a[@id=&apos;flow_11&apos;]]
Clicked on: [[FirefoxDriver: firefox on WINDOWS (9b7a3f9f-5e32-4a77-b0be-dd4b9a2a15cb)] -&gt; xpath: //a[@id=&apos;flow_11&apos;]]
{6488786d-6d2a-4ee4-b296-47765031cbd2}
{f1929d2a-37a1-4c38-bee1-364dd7cf7518}
My Partner &gt; Tools &gt; Care @ Contact Center
{6488786d-6d2a-4ee4-b296-47765031cbd2}
My Partner &gt; Tools &gt; Care @ Contact Center
</system-out>
  </testcase>
</testsuite>